0 info it worked if it ends with ok
1 verbose cli [ '/usr/local/bin/node',
1 verbose cli   '/usr/local/bin/npm',
1 verbose cli   'install',
1 verbose cli   '-g',
1 verbose cli   'karma-cli' ]
2 info using npm@3.6.0
3 info using node@v5.7.1
4 silly loadCurrentTree Starting
5 silly install loadCurrentTree
6 silly install readGlobalPackageData
7 silly fetchPackageMetaData karma-cli
8 silly fetchNamedPackageData karma-cli
9 silly mapToRegistry name karma-cli
10 silly mapToRegistry using default registry
11 silly mapToRegistry registry https://registry.npmjs.org/
12 silly mapToRegistry uri https://registry.npmjs.org/karma-cli
13 verbose request uri https://registry.npmjs.org/karma-cli
14 verbose request no auth needed
15 info attempt registry request try #1 at 6:14:12 PM
16 verbose request id 25cca2a66934c9c0
17 verbose etag "BQMC3910XTZ1UGSN5YPW1OOTH"
18 http request GET https://registry.npmjs.org/karma-cli
19 http 304 https://registry.npmjs.org/karma-cli
20 verbose headers { date: 'Mon, 21 Mar 2016 18:14:12 GMT',
20 verbose headers   via: '1.1 varnish',
20 verbose headers   'cache-control': 'max-age=300',
20 verbose headers   etag: '"BQMC3910XTZ1UGSN5YPW1OOTH"',
20 verbose headers   age: '0',
20 verbose headers   connection: 'keep-alive',
20 verbose headers   'x-served-by': 'cache-ams4127-AMS',
20 verbose headers   'x-cache': 'HIT',
20 verbose headers   'x-cache-hits': '1',
20 verbose headers   'x-timer': 'S1458584052.801321,VS0,VE174',
20 verbose headers   vary: 'Accept' }
21 silly get cb [ 304,
21 silly get   { date: 'Mon, 21 Mar 2016 18:14:12 GMT',
21 silly get     via: '1.1 varnish',
21 silly get     'cache-control': 'max-age=300',
21 silly get     etag: '"BQMC3910XTZ1UGSN5YPW1OOTH"',
21 silly get     age: '0',
21 silly get     connection: 'keep-alive',
21 silly get     'x-served-by': 'cache-ams4127-AMS',
21 silly get     'x-cache': 'HIT',
21 silly get     'x-cache-hits': '1',
21 silly get     'x-timer': 'S1458584052.801321,VS0,VE174',
21 silly get     vary: 'Accept' } ]
22 verbose etag https://registry.npmjs.org/karma-cli from cache
23 verbose get saving karma-cli to /Users/makers/.npm/registry.npmjs.org/karma-cli/.cache.json
24 verbose correctMkdir /Users/makers/.npm correctMkdir not in flight; initializing
25 silly install normalizeTree
26 silly loadCurrentTree Finishing
27 silly loadIdealTree Starting
28 silly install loadIdealTree
29 silly cloneCurrentTree Starting
30 silly install cloneCurrentTreeToIdealTree
31 silly cloneCurrentTree Finishing
32 silly loadShrinkwrap Starting
33 silly install loadShrinkwrap
34 silly loadShrinkwrap Finishing
35 silly loadAllDepsIntoIdealTree Starting
36 silly install loadAllDepsIntoIdealTree
37 silly resolveWithNewModule karma-cli@0.1.2 checking installable status
38 silly cache add args [ 'karma-cli', null ]
39 verbose cache add spec karma-cli
40 silly cache add parsed spec Result {
40 silly cache add   raw: 'karma-cli',
40 silly cache add   scope: null,
40 silly cache add   name: 'karma-cli',
40 silly cache add   rawSpec: '',
40 silly cache add   spec: 'latest',
40 silly cache add   type: 'tag' }
41 silly addNamed karma-cli@latest
42 verbose addNamed "latest" is being treated as a dist-tag for karma-cli
43 info addNameTag [ 'karma-cli', 'latest' ]
44 silly mapToRegistry name karma-cli
45 silly mapToRegistry using default registry
46 silly mapToRegistry registry https://registry.npmjs.org/
47 silly mapToRegistry uri https://registry.npmjs.org/karma-cli
48 verbose addNameTag registry:https://registry.npmjs.org/karma-cli not in flight; fetching
49 verbose get https://registry.npmjs.org/karma-cli not expired, no request
50 silly addNameTag next cb for karma-cli with tag latest
51 silly addNamed karma-cli@0.1.2
52 verbose addNamed "0.1.2" is a plain semver version for karma-cli
53 silly cache afterAdd karma-cli@0.1.2
54 verbose afterAdd /Users/makers/.npm/karma-cli/0.1.2/package/package.json not in flight; writing
55 verbose correctMkdir /Users/makers/.npm correctMkdir not in flight; initializing
56 verbose afterAdd /Users/makers/.npm/karma-cli/0.1.2/package/package.json written
57 silly fetchNamedPackageData resolve
58 silly mapToRegistry name resolve
59 silly mapToRegistry using default registry
60 silly mapToRegistry registry https://registry.npmjs.org/
61 silly mapToRegistry uri https://registry.npmjs.org/resolve
62 verbose request uri https://registry.npmjs.org/resolve
63 verbose request no auth needed
64 info attempt registry request try #1 at 6:14:13 PM
65 verbose etag "E5LYAO9ANDLZYP3M2AL72NV6M"
66 http request GET https://registry.npmjs.org/resolve
67 http 200 https://registry.npmjs.org/resolve
68 verbose headers { server: 'CouchDB/1.5.0 (Erlang OTP/R16B03)',
68 verbose headers   etag: '"95PO7CL2QN4WZZMQ14B1J5NUR"',
68 verbose headers   'content-type': 'application/json',
68 verbose headers   'cache-control': 'max-age=300',
68 verbose headers   'content-length': '44313',
68 verbose headers   'accept-ranges': 'bytes',
68 verbose headers   date: 'Mon, 21 Mar 2016 18:14:13 GMT',
68 verbose headers   via: '1.1 varnish',
68 verbose headers   age: '134',
68 verbose headers   connection: 'keep-alive',
68 verbose headers   'x-served-by': 'cache-ams4126-AMS',
68 verbose headers   'x-cache': 'HIT',
68 verbose headers   'x-cache-hits': '3',
68 verbose headers   'x-timer': 'S1458584053.155266,VS0,VE0',
68 verbose headers   vary: 'Accept' }
69 silly get cb [ 200,
69 silly get   { server: 'CouchDB/1.5.0 (Erlang OTP/R16B03)',
69 silly get     etag: '"95PO7CL2QN4WZZMQ14B1J5NUR"',
69 silly get     'content-type': 'application/json',
69 silly get     'cache-control': 'max-age=300',
69 silly get     'content-length': '44313',
69 silly get     'accept-ranges': 'bytes',
69 silly get     date: 'Mon, 21 Mar 2016 18:14:13 GMT',
69 silly get     via: '1.1 varnish',
69 silly get     age: '134',
69 silly get     connection: 'keep-alive',
69 silly get     'x-served-by': 'cache-ams4126-AMS',
69 silly get     'x-cache': 'HIT',
69 silly get     'x-cache-hits': '3',
69 silly get     'x-timer': 'S1458584053.155266,VS0,VE0',
69 silly get     vary: 'Accept' } ]
70 verbose get saving resolve to /Users/makers/.npm/registry.npmjs.org/resolve/.cache.json
71 verbose correctMkdir /Users/makers/.npm correctMkdir not in flight; initializing
72 silly resolveWithNewModule resolve@1.1.7 checking installable status
73 silly cache add args [ 'resolve@^1.1.6', null ]
74 verbose cache add spec resolve@^1.1.6
75 silly cache add parsed spec Result {
75 silly cache add   raw: 'resolve@^1.1.6',
75 silly cache add   scope: null,
75 silly cache add   name: 'resolve',
75 silly cache add   rawSpec: '^1.1.6',
75 silly cache add   spec: '>=1.1.6 <2.0.0',
75 silly cache add   type: 'range' }
76 silly addNamed resolve@>=1.1.6 <2.0.0
77 verbose addNamed ">=1.1.6 <2.0.0" is a valid semver range for resolve
78 silly addNameRange { name: 'resolve', range: '>=1.1.6 <2.0.0', hasData: false }
79 silly mapToRegistry name resolve
80 silly mapToRegistry using default registry
81 silly mapToRegistry registry https://registry.npmjs.org/
82 silly mapToRegistry uri https://registry.npmjs.org/resolve
83 verbose addNameRange registry:https://registry.npmjs.org/resolve not in flight; fetching
84 verbose get https://registry.npmjs.org/resolve not expired, no request
85 silly addNameRange number 2 { name: 'resolve', range: '>=1.1.6 <2.0.0', hasData: true }
86 silly addNameRange versions [ 'resolve',
86 silly addNameRange   [ '0.0.0',
86 silly addNameRange     '0.0.1',
86 silly addNameRange     '0.0.2',
86 silly addNameRange     '0.0.3',
86 silly addNameRange     '0.0.4',
86 silly addNameRange     '0.1.0',
86 silly addNameRange     '0.1.2',
86 silly addNameRange     '0.1.3',
86 silly addNameRange     '0.2.0',
86 silly addNameRange     '0.2.1',
86 silly addNameRange     '0.2.2',
86 silly addNameRange     '0.2.3',
86 silly addNameRange     '0.2.4',
86 silly addNameRange     '0.2.5',
86 silly addNameRange     '0.2.6',
86 silly addNameRange     '0.2.7',
86 silly addNameRange     '0.2.8',
86 silly addNameRange     '0.3.0',
86 silly addNameRange     '0.3.1',
86 silly addNameRange     '0.4.0',
86 silly addNameRange     '0.4.1',
86 silly addNameRange     '0.4.2',
86 silly addNameRange     '0.4.3',
86 silly addNameRange     '0.5.0',
86 silly addNameRange     '0.5.1',
86 silly addNameRange     '0.6.0',
86 silly addNameRange     '0.6.1',
86 silly addNameRange     '0.6.2',
86 silly addNameRange     '0.6.3',
86 silly addNameRange     '0.7.0',
86 silly addNameRange     '0.7.1',
86 silly addNameRange     '0.7.2',
86 silly addNameRange     '0.7.3',
86 silly addNameRange     '0.7.4',
86 silly addNameRange     '1.0.0',
86 silly addNameRange     '1.1.0',
86 silly addNameRange     '1.1.2',
86 silly addNameRange     '1.1.3',
86 silly addNameRange     '1.1.4',
86 silly addNameRange     '1.1.5',
86 silly addNameRange     '1.1.6',
86 silly addNameRange     '1.1.7' ] ]
87 silly addNamed resolve@1.1.7
88 verbose addNamed "1.1.7" is a plain semver version for resolve
89 silly cache afterAdd resolve@1.1.7
90 verbose afterAdd /Users/makers/.npm/resolve/1.1.7/package/package.json not in flight; writing
91 verbose correctMkdir /Users/makers/.npm correctMkdir not in flight; initializing
92 verbose afterAdd /Users/makers/.npm/resolve/1.1.7/package/package.json written
93 silly loadAllDepsIntoIdealTree Finishing
94 silly idealTree:prePrune lib
94 silly idealTree:prePrune └─┬ karma-cli@0.1.2
94 silly idealTree:prePrune   └── resolve@1.1.7
95 silly loadIdealTree Finishing
96 silly currentTree lib
96 silly currentTree └─┬ karma-cli@0.1.2
96 silly currentTree   └── resolve@1.1.7
97 silly idealTree lib
97 silly idealTree └─┬ karma-cli@0.1.2
97 silly idealTree   └── resolve@1.1.7
98 silly generateActionsToTake Starting
99 silly install generateActionsToTake
100 warn checkPermissions Missing write access to /usr/local/lib/node_modules/karma-cli
101 warn checkPermissions Missing write access to /usr/local/lib/node_modules
102 silly rollbackFailedOptional Starting
103 silly rollbackFailedOptional Finishing
104 silly runTopLevelLifecycles Starting
105 silly runTopLevelLifecycles Finishing
106 silly install printInstalled
107 verbose stack Error: EACCES: permission denied, access '/usr/local/lib/node_modules/karma-cli'
107 verbose stack     at Error (native)
108 verbose cwd /Users/makers/Coding/sos-fixit-angular
109 error Darwin 14.5.0
110 error argv "/usr/local/bin/node" "/usr/local/bin/npm" "install" "-g" "karma-cli"
111 error node v5.7.1
112 error npm  v3.6.0
113 error path /usr/local/lib/node_modules/karma-cli
114 error code EACCES
115 error errno -13
116 error syscall access
117 error Error: EACCES: permission denied, access '/usr/local/lib/node_modules/karma-cli'
117 error     at Error (native)
117 error  { [Error: EACCES: permission denied, access '/usr/local/lib/node_modules/karma-cli']
117 error   errno: -13,
117 error   code: 'EACCES',
117 error   syscall: 'access',
117 error   path: '/usr/local/lib/node_modules/karma-cli' }
118 error Please try running this command again as root/Administrator.
119 verbose exit [ -13, true ]
